<?xml version="1.0" encoding="UTF-8" ?>
<testsuites>
  <testsuite errors="0" failures="0" hostname="DESKTOP-T1T3I84" id="0" name="WmTestSuite [FibonachiTest]" package="com.wm.ps.test" tests="2" time="1.334" timestamp="2021-07-21T11:13:01">
      <properties>
[...]
</properties>

      <testcase classname="com.wm.ps.test.WmTestCase" name="Straigt Case" time="0.89" />

      <testcase classname="com.wm.ps.test.WmTestCase" name="TestException" time="0.427" />

      <system-out><![CDATA[]]></system-out>

      <system-err><![CDATA[]]></system-err>

  </testsuite>
</testsuites>
